<?xml version="1.0" encoding="UTF-8"?>
<!-- Generated by org.testng.reporters.JUnitReportReporter -->
<testsuite hostname="LAPTOP-5S189RST" failures="0" tests="2" name="testCase.testCasesBefore" time="19.271" errors="0" timestamp="2023-04-04T02:43:26 IST" skipped="0">
  <testcase classname="testCase.testCasesBefore" name="BFashion" time="8.818"/>
  <system-out/>
  <testcase classname="testCase.testCasesBefore" name="Ahompagepincode" time="10.453"/>
  <system-out/>
</testsuite> <!-- testCase.testCasesBefore -->
