<?xml version="1.0" encoding="UTF-8"?>
<!-- Generated by org.testng.reporters.JUnitReportReporter -->
<testsuite hostname="LAPTOP-5S189RST" failures="0" tests="2" name="testCase.testCases" time="33.250" errors="0" timestamp="2023-04-13T13:42:41 IST" skipped="0">
  <testcase classname="testCase.testCases" name="Ahompagepincode" time="14.851"/>
  <system-out/>
  <testcase classname="testCase.testCases" name="BFashion" time="18.399"/>
  <system-out/>
</testsuite> <!-- testCase.testCases -->
